01:02:12 DEBUG : Logs will be stored at '/home/subi/codes/vscode/vivado/PL-and-PS/dummy/IDE.log'.
01:02:14 INFO  : Launching XSCT server: xsct -n  -interactive /home/subi/codes/vscode/vivado/PL-and-PS/dummy/temp_xsdb_launch_script.tcl
01:02:14 INFO  : Registering command handlers for Vitis TCF services
01:02:14 INFO  : Platform repository initialization has completed.
01:02:16 INFO  : XSCT server has started successfully.
01:02:16 INFO  : Successfully done setting XSCT server connection channel  
01:02:16 INFO  : plnx-install-location is set to ''
01:02:16 INFO  : Successfully done setting workspace for the tool. 
01:02:16 INFO  : Successfully done query RDI_DATADIR 
01:02:57 INFO  : Result from executing command 'getProjects': dummyNotGate
01:02:57 INFO  : Result from executing command 'getPlatforms': xilinx_vck190_base_202220_1|/tools/Xilinx/Vitis/2022.2/base_platforms/xilinx_vck190_base_202220_1/xilinx_vck190_base_202220_1.xpfm;xilinx_vck190_base_dfx_202220_1|/tools/Xilinx/Vitis/2022.2/base_platforms/xilinx_vck190_base_dfx_202220_1/xilinx_vck190_base_dfx_202220_1.xpfm;xilinx_vmk180_base_202220_1|/tools/Xilinx/Vitis/2022.2/base_platforms/xilinx_vmk180_base_202220_1/xilinx_vmk180_base_202220_1.xpfm;xilinx_zcu102_base_202220_1|/tools/Xilinx/Vitis/2022.2/base_platforms/xilinx_zcu102_base_202220_1/xilinx_zcu102_base_202220_1.xpfm;xilinx_zcu102_base_dfx_202220_1|/tools/Xilinx/Vitis/2022.2/base_platforms/xilinx_zcu102_base_dfx_202220_1/xilinx_zcu102_base_dfx_202220_1.xpfm;xilinx_zcu104_base_202220_1|/tools/Xilinx/Vitis/2022.2/base_platforms/xilinx_zcu104_base_202220_1/xilinx_zcu104_base_202220_1.xpfm
01:06:05 INFO  : Result from executing command 'getProjects': dummyNotGate
01:06:05 INFO  : Result from executing command 'getPlatforms': dummyNotGate|/home/subi/codes/vscode/vivado/PL-and-PS/dummy/dummyNotGate/export/dummyNotGate/dummyNotGate.xpfm;xilinx_vck190_base_202220_1|/tools/Xilinx/Vitis/2022.2/base_platforms/xilinx_vck190_base_202220_1/xilinx_vck190_base_202220_1.xpfm;xilinx_vck190_base_dfx_202220_1|/tools/Xilinx/Vitis/2022.2/base_platforms/xilinx_vck190_base_dfx_202220_1/xilinx_vck190_base_dfx_202220_1.xpfm;xilinx_vmk180_base_202220_1|/tools/Xilinx/Vitis/2022.2/base_platforms/xilinx_vmk180_base_202220_1/xilinx_vmk180_base_202220_1.xpfm;xilinx_zcu102_base_202220_1|/tools/Xilinx/Vitis/2022.2/base_platforms/xilinx_zcu102_base_202220_1/xilinx_zcu102_base_202220_1.xpfm;xilinx_zcu102_base_dfx_202220_1|/tools/Xilinx/Vitis/2022.2/base_platforms/xilinx_zcu102_base_dfx_202220_1/xilinx_zcu102_base_dfx_202220_1.xpfm;xilinx_zcu104_base_202220_1|/tools/Xilinx/Vitis/2022.2/base_platforms/xilinx_zcu104_base_202220_1/xilinx_zcu104_base_202220_1.xpfm
01:06:09 INFO  : Checking for BSP changes to sync application flags for project 'dummyNotGateApp'...
01:07:28 INFO  : Checking for BSP changes to sync application flags for project 'dummyNotGateApp'...
01:08:52 INFO  : Checking for BSP changes to sync application flags for project 'dummyNotGateApp'...
01:09:13 INFO  : Connected to target on host '127.0.0.1' and port '3121'.
01:09:13 INFO  : Jtag cable 'Digilent Zybo 210279545306A' is selected.
01:09:13 INFO  : 'jtag frequency' command is executed.
01:09:13 INFO  : Context for 'APU' is selected.
01:09:13 INFO  : System reset is completed.
01:09:16 INFO  : 'after 3000' command is executed.
01:09:17 INFO  : 'targets -set -filter {jtag_cable_name =~ "Digilent Zybo 210279545306A" && level==0 && jtag_device_ctx=="jsn-Zybo-210279545306A-13722093-0"}' command is executed.
01:09:18 INFO  : Device configured successfully with "/home/subi/codes/vscode/vivado/PL-and-PS/dummy/dummyNotGateApp/_ide/bitstream/design_1_wrapper.bit"
01:09:18 INFO  : Context for 'APU' is selected.
01:09:18 INFO  : Hardware design and registers information is loaded from '/home/subi/codes/vscode/vivado/PL-and-PS/dummy/dummyNotGate/export/dummyNotGate/hw/design_1_wrapper.xsa'.
01:09:18 INFO  : 'configparams force-mem-access 1' command is executed.
01:09:18 INFO  : Context for 'APU' is selected.
01:09:18 INFO  : Sourcing of '/home/subi/codes/vscode/vivado/PL-and-PS/dummy/dummyNotGateApp/_ide/psinit/ps7_init.tcl' is done.
01:09:18 INFO  : 'ps7_init' command is executed.
01:09:18 INFO  : 'ps7_post_config' command is executed.
01:09:18 INFO  : Context for processor 'ps7_cortexa9_0' is selected.
01:09:18 INFO  : The application '/home/subi/codes/vscode/vivado/PL-and-PS/dummy/dummyNotGateApp/Debug/dummyNotGateApp.elf' is downloaded to processor 'ps7_cortexa9_0'.
01:09:18 INFO  : 'configparams force-mem-access 0' command is executed.
01:09:18 INFO  : ----------------XSDB Script----------------
connect -url tcp:127.0.0.1:3121
targets -set -nocase -filter {name =~"APU*"}
rst -system
after 3000
targets -set -filter {jtag_cable_name =~ "Digilent Zybo 210279545306A" && level==0 && jtag_device_ctx=="jsn-Zybo-210279545306A-13722093-0"}
fpga -file /home/subi/codes/vscode/vivado/PL-and-PS/dummy/dummyNotGateApp/_ide/bitstream/design_1_wrapper.bit
targets -set -nocase -filter {name =~"APU*"}
loadhw -hw /home/subi/codes/vscode/vivado/PL-and-PS/dummy/dummyNotGate/export/dummyNotGate/hw/design_1_wrapper.xsa -mem-ranges [list {0x40000000 0xbfffffff}] -regs
configparams force-mem-access 1
targets -set -nocase -filter {name =~"APU*"}
source /home/subi/codes/vscode/vivado/PL-and-PS/dummy/dummyNotGateApp/_ide/psinit/ps7_init.tcl
ps7_init
ps7_post_config
targets -set -nocase -filter {name =~ "*A9*#0"}
dow /home/subi/codes/vscode/vivado/PL-and-PS/dummy/dummyNotGateApp/Debug/dummyNotGateApp.elf
configparams force-mem-access 0
----------------End of Script----------------

01:09:18 INFO  : Context for processor 'ps7_cortexa9_0' is selected.
01:09:18 INFO  : 'con' command is executed.
01:09:18 INFO  : ----------------XSDB Script (After Launch)----------------
targets -set -nocase -filter {name =~ "*A9*#0"}
con
----------------End of Script----------------

01:09:18 INFO  : Launch script is exported to file '/home/subi/codes/vscode/vivado/PL-and-PS/dummy/dummyNotGateApp_system/_ide/scripts/debugger_dummynotgateapp-default.tcl'
01:13:12 INFO  : Build configuration of 'dummyNotGateApp_system' is updated to 'Release'
01:13:12 INFO  : Build configuration of system project is automatically updated to 'Release'.
01:13:18 INFO  : Disconnected from the channel tcfchan#3.
01:13:19 INFO  : Connected to target on host '127.0.0.1' and port '3121'.
01:13:22 INFO  : Checking for BSP changes to sync application flags for project 'dummyNotGateApp'...
01:13:29 INFO  : ----------------XSDB Script----------------
connect -url tcp:127.0.0.1:3121
----------------End of Script----------------

01:13:29 ERROR : Could not find Jtag device on the board for connection 'Local'.


Troubleshooting hints:
1. Check whether board is connected to system properly.
2. In case of zynq board, check whether Digilent/Xilinx cable switch settings are correct.
3. If you are using Xilinx Platform Cable USB, ensure that status LED is green.
01:14:04 INFO  : Connected to target on host '127.0.0.1' and port '3121'.
01:14:04 INFO  : Jtag cable 'Digilent Zybo 210279545306A' is selected.
01:14:04 INFO  : 'jtag frequency' command is executed.
01:14:04 INFO  : Context for 'APU' is selected.
01:14:04 INFO  : System reset is completed.
01:14:07 INFO  : 'after 3000' command is executed.
01:14:07 INFO  : 'targets -set -filter {jtag_cable_name =~ "Digilent Zybo 210279545306A" && level==0 && jtag_device_ctx=="jsn-Zybo-210279545306A-13722093-0"}' command is executed.
01:14:09 INFO  : Device configured successfully with "/home/subi/codes/vscode/vivado/PL-and-PS/dummy/dummyNotGateApp/_ide/bitstream/design_1_wrapper.bit"
01:14:09 INFO  : Context for 'APU' is selected.
01:14:09 INFO  : Hardware design and registers information is loaded from '/home/subi/codes/vscode/vivado/PL-and-PS/dummy/dummyNotGate/export/dummyNotGate/hw/design_1_wrapper.xsa'.
01:14:09 INFO  : 'configparams force-mem-access 1' command is executed.
01:14:09 INFO  : Context for 'APU' is selected.
01:14:09 INFO  : Sourcing of '/home/subi/codes/vscode/vivado/PL-and-PS/dummy/dummyNotGateApp/_ide/psinit/ps7_init.tcl' is done.
01:14:09 INFO  : 'ps7_init' command is executed.
01:14:09 INFO  : 'ps7_post_config' command is executed.
01:14:09 INFO  : Context for processor 'ps7_cortexa9_0' is selected.
01:14:09 INFO  : The application '/home/subi/codes/vscode/vivado/PL-and-PS/dummy/dummyNotGateApp/Release/dummyNotGateApp.elf' is downloaded to processor 'ps7_cortexa9_0'.
01:14:09 INFO  : 'configparams force-mem-access 0' command is executed.
01:14:09 INFO  : ----------------XSDB Script----------------
connect -url tcp:127.0.0.1:3121
targets -set -nocase -filter {name =~"APU*"}
rst -system
after 3000
targets -set -filter {jtag_cable_name =~ "Digilent Zybo 210279545306A" && level==0 && jtag_device_ctx=="jsn-Zybo-210279545306A-13722093-0"}
fpga -file /home/subi/codes/vscode/vivado/PL-and-PS/dummy/dummyNotGateApp/_ide/bitstream/design_1_wrapper.bit
targets -set -nocase -filter {name =~"APU*"}
loadhw -hw /home/subi/codes/vscode/vivado/PL-and-PS/dummy/dummyNotGate/export/dummyNotGate/hw/design_1_wrapper.xsa -mem-ranges [list {0x40000000 0xbfffffff}] -regs
configparams force-mem-access 1
targets -set -nocase -filter {name =~"APU*"}
source /home/subi/codes/vscode/vivado/PL-and-PS/dummy/dummyNotGateApp/_ide/psinit/ps7_init.tcl
ps7_init
ps7_post_config
targets -set -nocase -filter {name =~ "*A9*#0"}
dow /home/subi/codes/vscode/vivado/PL-and-PS/dummy/dummyNotGateApp/Release/dummyNotGateApp.elf
configparams force-mem-access 0
----------------End of Script----------------

01:14:09 INFO  : Context for processor 'ps7_cortexa9_0' is selected.
01:14:09 INFO  : 'con' command is executed.
01:14:09 INFO  : ----------------XSDB Script (After Launch)----------------
targets -set -nocase -filter {name =~ "*A9*#0"}
con
----------------End of Script----------------

01:14:09 INFO  : Launch script is exported to file '/home/subi/codes/vscode/vivado/PL-and-PS/dummy/dummyNotGateApp_system/_ide/scripts/debugger_dummynotgateapp-default_2.tcl'
01:14:32 INFO  : Checking for BSP changes to sync application flags for project 'dummyNotGateApp'...
01:14:43 INFO  : Connected to target on host '127.0.0.1' and port '3121'.
01:14:43 INFO  : Jtag cable 'Digilent Zybo 210279545306A' is selected.
01:14:43 INFO  : 'jtag frequency' command is executed.
01:14:43 INFO  : Context for 'APU' is selected.
01:14:43 INFO  : System reset is completed.
01:14:46 INFO  : 'after 3000' command is executed.
01:14:46 INFO  : 'targets -set -filter {jtag_cable_name =~ "Digilent Zybo 210279545306A" && level==0 && jtag_device_ctx=="jsn-Zybo-210279545306A-13722093-0"}' command is executed.
01:14:47 INFO  : Device configured successfully with "/home/subi/codes/vscode/vivado/PL-and-PS/dummy/dummyNotGateApp/_ide/bitstream/design_1_wrapper.bit"
01:14:47 INFO  : Context for 'APU' is selected.
01:14:47 ERROR : can't read "map": no such variable
01:14:47 INFO  : ----------------XSDB Script----------------
connect -url tcp:127.0.0.1:3121
targets -set -nocase -filter {name =~"APU*"}
rst -system
after 3000
targets -set -filter {jtag_cable_name =~ "Digilent Zybo 210279545306A" && level==0 && jtag_device_ctx=="jsn-Zybo-210279545306A-13722093-0"}
fpga -file /home/subi/codes/vscode/vivado/PL-and-PS/dummy/dummyNotGateApp/_ide/bitstream/design_1_wrapper.bit
targets -set -nocase -filter {name =~"APU*"}
loadhw -hw /home/subi/codes/vscode/vivado/PL-and-PS/dummy/dummyNotGate/export/dummyNotGate/hw/design_1_wrapper.xsa -mem-ranges [list {0x40000000 0xbfffffff}] -regs
----------------End of Script----------------

01:14:47 ERROR : can't read "map": no such variable
01:16:24 INFO  : Checking for BSP changes to sync application flags for project 'dummyNotGateApp'...
01:23:53 INFO  : Disconnected from the channel tcfchan#4.
01:23:54 INFO  : Connected to target on host '127.0.0.1' and port '3121'.
01:23:56 INFO  : Jtag cable 'Digilent Zybo 210279545306A' is selected.
01:23:56 INFO  : 'jtag frequency' command is executed.
01:23:56 INFO  : Context for 'APU' is selected.
01:23:57 INFO  : System reset is completed.
01:24:00 INFO  : 'after 3000' command is executed.
01:24:00 INFO  : 'targets -set -filter {jtag_cable_name =~ "Digilent Zybo 210279545306A" && level==0 && jtag_device_ctx=="jsn-Zybo-210279545306A-13722093-0"}' command is executed.
01:24:01 INFO  : Device configured successfully with "/home/subi/codes/vscode/vivado/PL-and-PS/dummy/dummyNotGateApp/_ide/bitstream/design_1_wrapper.bit"
01:24:01 INFO  : Context for 'APU' is selected.
01:24:01 INFO  : Hardware design and registers information is loaded from '/home/subi/codes/vscode/vivado/PL-and-PS/dummy/dummyNotGate/export/dummyNotGate/hw/design_1_wrapper.xsa'.
01:24:01 INFO  : 'configparams force-mem-access 1' command is executed.
01:24:01 INFO  : Context for 'APU' is selected.
01:24:01 INFO  : Sourcing of '/home/subi/codes/vscode/vivado/PL-and-PS/dummy/dummyNotGateApp/_ide/psinit/ps7_init.tcl' is done.
01:24:01 INFO  : 'ps7_init' command is executed.
01:24:01 INFO  : 'ps7_post_config' command is executed.
01:24:01 INFO  : Context for processor 'ps7_cortexa9_0' is selected.
01:24:01 INFO  : The application '/home/subi/codes/vscode/vivado/PL-and-PS/dummy/dummyNotGateApp/Release/dummyNotGateApp.elf' is downloaded to processor 'ps7_cortexa9_0'.
01:24:01 INFO  : 'configparams force-mem-access 0' command is executed.
01:24:01 INFO  : ----------------XSDB Script----------------
connect -url tcp:127.0.0.1:3121
targets -set -nocase -filter {name =~"APU*"}
rst -system
after 3000
targets -set -filter {jtag_cable_name =~ "Digilent Zybo 210279545306A" && level==0 && jtag_device_ctx=="jsn-Zybo-210279545306A-13722093-0"}
fpga -file /home/subi/codes/vscode/vivado/PL-and-PS/dummy/dummyNotGateApp/_ide/bitstream/design_1_wrapper.bit
targets -set -nocase -filter {name =~"APU*"}
loadhw -hw /home/subi/codes/vscode/vivado/PL-and-PS/dummy/dummyNotGate/export/dummyNotGate/hw/design_1_wrapper.xsa -mem-ranges [list {0x40000000 0xbfffffff}] -regs
configparams force-mem-access 1
targets -set -nocase -filter {name =~"APU*"}
source /home/subi/codes/vscode/vivado/PL-and-PS/dummy/dummyNotGateApp/_ide/psinit/ps7_init.tcl
ps7_init
ps7_post_config
targets -set -nocase -filter {name =~ "*A9*#0"}
dow /home/subi/codes/vscode/vivado/PL-and-PS/dummy/dummyNotGateApp/Release/dummyNotGateApp.elf
configparams force-mem-access 0
----------------End of Script----------------

01:24:01 INFO  : Context for processor 'ps7_cortexa9_0' is selected.
01:24:01 INFO  : 'con' command is executed.
01:24:01 INFO  : ----------------XSDB Script (After Launch)----------------
targets -set -nocase -filter {name =~ "*A9*#0"}
con
----------------End of Script----------------

01:24:01 INFO  : Launch script is exported to file '/home/subi/codes/vscode/vivado/PL-and-PS/dummy/dummyNotGateApp_system/_ide/scripts/systemdebugger_dummynotgateapp_system_standalone.tcl'
01:28:42 INFO  : Checking for BSP changes to sync application flags for project 'dummyNotGateApp'...
01:30:11 INFO  : Checking for BSP changes to sync application flags for project 'dummyNotGateApp'...
01:30:43 INFO  : Build configuration of 'dummyNotGateApp_system' is updated to 'Debug'
01:30:43 INFO  : Build configuration of system project is automatically updated to 'Debug'.
01:30:43 INFO  : Checking for BSP changes to sync application flags for project 'dummyNotGateApp'...
01:31:00 INFO  : Disconnected from the channel tcfchan#5.
01:31:01 INFO  : Connected to target on host '127.0.0.1' and port '3121'.
01:31:01 INFO  : Jtag cable 'Digilent Zybo 210279545306A' is selected.
01:31:01 INFO  : 'jtag frequency' command is executed.
01:31:01 INFO  : Context for 'APU' is selected.
01:31:01 INFO  : System reset is completed.
01:31:04 INFO  : 'after 3000' command is executed.
01:31:04 INFO  : 'targets -set -filter {jtag_cable_name =~ "Digilent Zybo 210279545306A" && level==0 && jtag_device_ctx=="jsn-Zybo-210279545306A-13722093-0"}' command is executed.
01:31:05 INFO  : Device configured successfully with "/home/subi/codes/vscode/vivado/PL-and-PS/dummy/dummyNotGateApp/_ide/bitstream/design_1_wrapper.bit"
01:31:05 INFO  : Context for 'APU' is selected.
01:31:05 INFO  : Hardware design and registers information is loaded from '/home/subi/codes/vscode/vivado/PL-and-PS/dummy/dummyNotGate/export/dummyNotGate/hw/design_1_wrapper.xsa'.
01:31:05 INFO  : 'configparams force-mem-access 1' command is executed.
01:31:05 INFO  : Context for 'APU' is selected.
01:31:05 INFO  : Sourcing of '/home/subi/codes/vscode/vivado/PL-and-PS/dummy/dummyNotGateApp/_ide/psinit/ps7_init.tcl' is done.
01:31:05 INFO  : 'ps7_init' command is executed.
01:31:05 INFO  : 'ps7_post_config' command is executed.
01:31:06 INFO  : Context for processor 'ps7_cortexa9_0' is selected.
01:31:06 INFO  : The application '/home/subi/codes/vscode/vivado/PL-and-PS/dummy/dummyNotGateApp/Debug/dummyNotGateApp.elf' is downloaded to processor 'ps7_cortexa9_0'.
01:31:06 INFO  : 'configparams force-mem-access 0' command is executed.
01:31:06 INFO  : ----------------XSDB Script----------------
connect -url tcp:127.0.0.1:3121
targets -set -nocase -filter {name =~"APU*"}
rst -system
after 3000
targets -set -filter {jtag_cable_name =~ "Digilent Zybo 210279545306A" && level==0 && jtag_device_ctx=="jsn-Zybo-210279545306A-13722093-0"}
fpga -file /home/subi/codes/vscode/vivado/PL-and-PS/dummy/dummyNotGateApp/_ide/bitstream/design_1_wrapper.bit
targets -set -nocase -filter {name =~"APU*"}
loadhw -hw /home/subi/codes/vscode/vivado/PL-and-PS/dummy/dummyNotGate/export/dummyNotGate/hw/design_1_wrapper.xsa -mem-ranges [list {0x40000000 0xbfffffff}] -regs
configparams force-mem-access 1
targets -set -nocase -filter {name =~"APU*"}
source /home/subi/codes/vscode/vivado/PL-and-PS/dummy/dummyNotGateApp/_ide/psinit/ps7_init.tcl
ps7_init
ps7_post_config
targets -set -nocase -filter {name =~ "*A9*#0"}
dow /home/subi/codes/vscode/vivado/PL-and-PS/dummy/dummyNotGateApp/Debug/dummyNotGateApp.elf
configparams force-mem-access 0
----------------End of Script----------------

01:31:06 INFO  : Context for processor 'ps7_cortexa9_0' is selected.
01:31:06 INFO  : 'con' command is executed.
01:31:06 INFO  : ----------------XSDB Script (After Launch)----------------
targets -set -nocase -filter {name =~ "*A9*#0"}
con
----------------End of Script----------------

01:31:06 INFO  : Launch script is exported to file '/home/subi/codes/vscode/vivado/PL-and-PS/dummy/dummyNotGateApp_system/_ide/scripts/debugger_dummynotgateapp-default_3.tcl'
01:37:00 INFO  : Checking for BSP changes to sync application flags for project 'dummyNotGateApp'...
01:37:30 INFO  : Checking for BSP changes to sync application flags for project 'dummyNotGateApp'...
01:38:38 INFO  : Checking for BSP changes to sync application flags for project 'dummyNotGateApp'...
01:38:46 INFO  : Checking for BSP changes to sync application flags for project 'dummyNotGateApp'...
01:39:25 INFO  : Checking for BSP changes to sync application flags for project 'dummyNotGateApp'...
01:39:38 INFO  : Disconnected from the channel tcfchan#8.
01:39:39 INFO  : Connected to target on host '127.0.0.1' and port '3121'.
01:39:49 INFO  : ----------------XSDB Script----------------
connect -url tcp:127.0.0.1:3121
----------------End of Script----------------

01:39:49 ERROR : Could not find Jtag device on the board for connection 'Local'.


Troubleshooting hints:
1. Check whether board is connected to system properly.
2. In case of zynq board, check whether Digilent/Xilinx cable switch settings are correct.
3. If you are using Xilinx Platform Cable USB, ensure that status LED is green.
01:40:03 INFO  : Build configuration of 'dummyNotGateApp_system' is updated to 'Release'
01:40:03 INFO  : Build configuration of system project is automatically updated to 'Release'.
01:40:03 INFO  : Checking for BSP changes to sync application flags for project 'dummyNotGateApp'...
01:40:09 INFO  : Build configuration of 'dummyNotGateApp_system' is updated to 'Debug'
01:40:09 INFO  : Build configuration of system project is automatically updated to 'Debug'.
01:40:09 INFO  : Connected to target on host '127.0.0.1' and port '3121'.
01:40:09 INFO  : Jtag cable 'Digilent Zybo 210279545306A' is selected.
01:40:09 INFO  : 'jtag frequency' command is executed.
01:40:09 INFO  : Context for 'APU' is selected.
01:40:09 INFO  : System reset is completed.
01:40:12 INFO  : 'after 3000' command is executed.
01:40:12 INFO  : 'targets -set -filter {jtag_cable_name =~ "Digilent Zybo 210279545306A" && level==0 && jtag_device_ctx=="jsn-Zybo-210279545306A-13722093-0"}' command is executed.
01:40:14 INFO  : Device configured successfully with "/home/subi/codes/vscode/vivado/PL-and-PS/dummy/dummyNotGateApp/_ide/bitstream/design_1_wrapper.bit"
01:40:14 INFO  : Context for 'APU' is selected.
01:40:14 INFO  : Hardware design and registers information is loaded from '/home/subi/codes/vscode/vivado/PL-and-PS/dummy/dummyNotGate/export/dummyNotGate/hw/design_1_wrapper.xsa'.
01:40:14 INFO  : 'configparams force-mem-access 1' command is executed.
01:40:14 INFO  : Context for 'APU' is selected.
01:40:14 INFO  : Sourcing of '/home/subi/codes/vscode/vivado/PL-and-PS/dummy/dummyNotGateApp/_ide/psinit/ps7_init.tcl' is done.
01:40:14 INFO  : 'ps7_init' command is executed.
01:40:14 INFO  : 'ps7_post_config' command is executed.
01:40:14 INFO  : Context for processor 'ps7_cortexa9_0' is selected.
01:40:14 INFO  : The application '/home/subi/codes/vscode/vivado/PL-and-PS/dummy/dummyNotGateApp/Debug/dummyNotGateApp.elf' is downloaded to processor 'ps7_cortexa9_0'.
01:40:14 INFO  : 'configparams force-mem-access 0' command is executed.
01:40:14 INFO  : ----------------XSDB Script----------------
connect -url tcp:127.0.0.1:3121
targets -set -nocase -filter {name =~"APU*"}
rst -system
after 3000
targets -set -filter {jtag_cable_name =~ "Digilent Zybo 210279545306A" && level==0 && jtag_device_ctx=="jsn-Zybo-210279545306A-13722093-0"}
fpga -file /home/subi/codes/vscode/vivado/PL-and-PS/dummy/dummyNotGateApp/_ide/bitstream/design_1_wrapper.bit
targets -set -nocase -filter {name =~"APU*"}
loadhw -hw /home/subi/codes/vscode/vivado/PL-and-PS/dummy/dummyNotGate/export/dummyNotGate/hw/design_1_wrapper.xsa -mem-ranges [list {0x40000000 0xbfffffff}] -regs
configparams force-mem-access 1
targets -set -nocase -filter {name =~"APU*"}
source /home/subi/codes/vscode/vivado/PL-and-PS/dummy/dummyNotGateApp/_ide/psinit/ps7_init.tcl
ps7_init
ps7_post_config
targets -set -nocase -filter {name =~ "*A9*#0"}
dow /home/subi/codes/vscode/vivado/PL-and-PS/dummy/dummyNotGateApp/Debug/dummyNotGateApp.elf
configparams force-mem-access 0
----------------End of Script----------------

01:40:14 INFO  : Context for processor 'ps7_cortexa9_0' is selected.
01:40:14 INFO  : 'con' command is executed.
01:40:14 INFO  : ----------------XSDB Script (After Launch)----------------
targets -set -nocase -filter {name =~ "*A9*#0"}
con
----------------End of Script----------------

01:40:14 INFO  : Launch script is exported to file '/home/subi/codes/vscode/vivado/PL-and-PS/dummy/dummyNotGateApp_system/_ide/scripts/debugger_dummynotgateapp-default.tcl'
01:43:33 INFO  : Checking for BSP changes to sync application flags for project 'dummyNotGateApp'...
01:43:44 INFO  : Disconnected from the channel tcfchan#9.
01:43:45 INFO  : Connected to target on host '127.0.0.1' and port '3121'.
01:43:45 INFO  : Jtag cable 'Digilent Zybo 210279545306A' is selected.
01:43:45 INFO  : 'jtag frequency' command is executed.
01:43:45 INFO  : Context for 'APU' is selected.
01:43:45 INFO  : System reset is completed.
01:43:48 INFO  : 'after 3000' command is executed.
01:43:48 INFO  : 'targets -set -filter {jtag_cable_name =~ "Digilent Zybo 210279545306A" && level==0 && jtag_device_ctx=="jsn-Zybo-210279545306A-13722093-0"}' command is executed.
01:43:49 INFO  : Device configured successfully with "/home/subi/codes/vscode/vivado/PL-and-PS/dummy/dummyNotGateApp/_ide/bitstream/design_1_wrapper.bit"
01:43:49 INFO  : Context for 'APU' is selected.
01:43:49 INFO  : Hardware design and registers information is loaded from '/home/subi/codes/vscode/vivado/PL-and-PS/dummy/dummyNotGate/export/dummyNotGate/hw/design_1_wrapper.xsa'.
01:43:49 INFO  : 'configparams force-mem-access 1' command is executed.
01:43:49 INFO  : Context for 'APU' is selected.
01:43:49 INFO  : Sourcing of '/home/subi/codes/vscode/vivado/PL-and-PS/dummy/dummyNotGateApp/_ide/psinit/ps7_init.tcl' is done.
01:43:49 INFO  : 'ps7_init' command is executed.
01:43:49 INFO  : 'ps7_post_config' command is executed.
01:43:49 INFO  : Context for processor 'ps7_cortexa9_0' is selected.
01:43:50 INFO  : The application '/home/subi/codes/vscode/vivado/PL-and-PS/dummy/dummyNotGateApp/Debug/dummyNotGateApp.elf' is downloaded to processor 'ps7_cortexa9_0'.
01:43:50 INFO  : 'configparams force-mem-access 0' command is executed.
01:43:50 INFO  : ----------------XSDB Script----------------
connect -url tcp:127.0.0.1:3121
targets -set -nocase -filter {name =~"APU*"}
rst -system
after 3000
targets -set -filter {jtag_cable_name =~ "Digilent Zybo 210279545306A" && level==0 && jtag_device_ctx=="jsn-Zybo-210279545306A-13722093-0"}
fpga -file /home/subi/codes/vscode/vivado/PL-and-PS/dummy/dummyNotGateApp/_ide/bitstream/design_1_wrapper.bit
targets -set -nocase -filter {name =~"APU*"}
loadhw -hw /home/subi/codes/vscode/vivado/PL-and-PS/dummy/dummyNotGate/export/dummyNotGate/hw/design_1_wrapper.xsa -mem-ranges [list {0x40000000 0xbfffffff}] -regs
configparams force-mem-access 1
targets -set -nocase -filter {name =~"APU*"}
source /home/subi/codes/vscode/vivado/PL-and-PS/dummy/dummyNotGateApp/_ide/psinit/ps7_init.tcl
ps7_init
ps7_post_config
targets -set -nocase -filter {name =~ "*A9*#0"}
dow /home/subi/codes/vscode/vivado/PL-and-PS/dummy/dummyNotGateApp/Debug/dummyNotGateApp.elf
configparams force-mem-access 0
----------------End of Script----------------

01:43:50 INFO  : Context for processor 'ps7_cortexa9_0' is selected.
01:43:50 INFO  : 'con' command is executed.
01:43:50 INFO  : ----------------XSDB Script (After Launch)----------------
targets -set -nocase -filter {name =~ "*A9*#0"}
con
----------------End of Script----------------

01:43:50 INFO  : Launch script is exported to file '/home/subi/codes/vscode/vivado/PL-and-PS/dummy/dummyNotGateApp_system/_ide/scripts/systemdebugger_dummynotgateapp_system_standalone.tcl'
01:58:23 INFO  : Disconnected from the channel tcfchan#10.
